2025-01-06 16:25:35,909 WARNING database DDL Query made to DB:
create table `tabReference` (
			name varchar(140) primary key,
			creation datetime(6),
			modified datetime(6),
			modified_by varchar(140),
			owner varchar(140),
			docstatus int(1) not null default '0',
			idx int(8) not null default '0',
			`_user_tags` text,
`_comments` text,
`_assign` text,
`_liked_by` text,
index modified(modified))
			ENGINE=InnoDB
			ROW_FORMAT=DYNAMIC
			CHARACTER SET=utf8mb4
			COLLATE=utf8mb4_unicode_ci
2025-01-06 16:28:29,845 WARNING database DDL Query made to DB:
ALTER TABLE `tabReference` ADD COLUMN `id` varchar(140)
2025-01-06 16:29:18,622 WARNING database DDL Query made to DB:
ALTER TABLE `tabReference` ADD COLUMN `name1` varchar(140)
2025-01-06 16:30:07,849 WARNING database DDL Query made to DB:
ALTER TABLE `tabReference` MODIFY `id` int(11) not null default 0
2025-01-06 16:41:35,174 WARNING database DDL Query made to DB:
ALTER TABLE `tabLead` ADD COLUMN `custom_reference_` varchar(140)
2025-01-06 16:41:35,178 WARNING database DDL Query made to DB:
ALTER TABLE `tabLead` MODIFY `custom_duration_of_contactin_hours` decimal(21,9), MODIFY `annual_revenue` decimal(21,9) not null default 0
2025-01-06 16:41:36,005 WARNING database DDL Query made to DB:
ALTER TABLE `tabLead` MODIFY `annual_revenue` decimal(21,9) not null default 0
2025-01-06 16:51:23,493 WARNING database DDL Query made to DB:
ALTER TABLE `tabReference` ADD COLUMN `name_id` int(11) not null default 0
2025-01-06 17:06:54,246 WARNING database DDL Query made to DB:
ALTER TABLE `tabAfsal reference list` ADD COLUMN `boys_names` varchar(140)
2025-01-06 17:10:08,785 WARNING database DDL Query made to DB:
ALTER TABLE `tabLead` ADD COLUMN `custom_get_me_any_link` varchar(140)
2025-01-06 17:10:08,792 WARNING database DDL Query made to DB:
ALTER TABLE `tabLead` MODIFY `annual_revenue` decimal(21,9) not null default 0
2025-01-06 17:10:08,923 WARNING database DDL Query made to DB:
ALTER TABLE `tabLead` MODIFY `annual_revenue` decimal(21,9) not null default 0
2025-01-06 17:26:16,685 WARNING database DDL Query made to DB:
create table `tabEngineers` (
			name varchar(140) primary key,
			creation datetime(6),
			modified datetime(6),
			modified_by varchar(140),
			owner varchar(140),
			docstatus int(1) not null default '0',
			idx int(8) not null default '0',
			`_user_tags` text,
`_comments` text,
`_assign` text,
`_liked_by` text,
index modified(modified))
			ENGINE=InnoDB
			ROW_FORMAT=DYNAMIC
			CHARACTER SET=utf8mb4
			COLLATE=utf8mb4_unicode_ci
2025-01-06 17:31:09,517 WARNING database DDL Query made to DB:
ALTER TABLE `tabEngineers` ADD COLUMN `name1` varchar(140), ADD COLUMN `area` varchar(140), ADD COLUMN `firm_name` varchar(140), ADD COLUMN `company_type` varchar(140)
2025-01-06 17:33:08,536 WARNING database DDL Query made to DB:
create table `tabContractor` (
			name varchar(140) primary key,
			creation datetime(6),
			modified datetime(6),
			modified_by varchar(140),
			owner varchar(140),
			docstatus int(1) not null default '0',
			idx int(8) not null default '0',
			`_user_tags` text,
`_comments` text,
`_assign` text,
`_liked_by` text,
index modified(modified))
			ENGINE=InnoDB
			ROW_FORMAT=DYNAMIC
			CHARACTER SET=utf8mb4
			COLLATE=utf8mb4_unicode_ci
2025-01-06 17:40:45,103 WARNING database DDL Query made to DB:
ALTER TABLE `tabContractor` ADD COLUMN `personal_name` varchar(140), ADD COLUMN `exicutive_level` decimal(3,2), ADD COLUMN `area_of_expertise` int(1) not null default 0
2025-01-06 17:43:14,308 WARNING database DDL Query made to DB:
ALTER TABLE `tabEngineers` ADD COLUMN `company_name` varchar(140)
2025-01-06 17:46:16,951 WARNING database DDL Query made to DB:
ALTER TABLE `tabEngineers` ADD UNIQUE INDEX IF NOT EXISTS name1 (`name1`)
2025-01-06 17:55:42,959 WARNING database DDL Query made to DB:
ALTER TABLE `tabContractor` MODIFY `exicutive_level` decimal(3,2)
2025-01-06 17:56:15,769 WARNING database DDL Query made to DB:
ALTER TABLE `tabContractor` ADD COLUMN `importexport_material` int(1) not null default 0
2025-01-06 17:56:15,775 WARNING database DDL Query made to DB:
ALTER TABLE `tabContractor` MODIFY `exicutive_level` decimal(3,2)
2025-01-06 17:56:46,675 WARNING database DDL Query made to DB:
ALTER TABLE `tabContractor` ADD COLUMN `foreign_immigration_agent` int(1) not null default 0
2025-01-06 17:56:46,683 WARNING database DDL Query made to DB:
ALTER TABLE `tabContractor` MODIFY `exicutive_level` decimal(3,2)
2025-01-06 17:57:27,643 WARNING database DDL Query made to DB:
ALTER TABLE `tabContractor` ADD COLUMN `technical_hardware_dealer` int(1) not null default 0, ADD COLUMN `technical_software_dealer` int(1) not null default 0
2025-01-06 17:57:27,650 WARNING database DDL Query made to DB:
ALTER TABLE `tabContractor` MODIFY `exicutive_level` decimal(3,2)
2025-01-06 17:57:58,378 WARNING database DDL Query made to DB:
ALTER TABLE `tabContractor` MODIFY `exicutive_level` decimal(3,2)
2025-01-06 17:59:33,546 WARNING database DDL Query made to DB:
ALTER TABLE `tabContractor` MODIFY `exicutive_level` decimal(3,2), ADD UNIQUE INDEX IF NOT EXISTS personal_name (`personal_name`)
2025-01-07 10:52:27,973 WARNING database DDL Query made to DB:
ALTER TABLE `tabLead` ADD COLUMN `custom_reference` varchar(140)
2025-01-07 10:52:27,973 WARNING database DDL Query made to DB:
ALTER TABLE `tabLead` ADD COLUMN `custom_reference` varchar(140)
2025-01-07 10:52:27,973 WARNING database DDL Query made to DB:
ALTER TABLE `tabLead` ADD COLUMN `custom_reference` varchar(140)
2025-01-07 10:52:27,981 WARNING database DDL Query made to DB:
ALTER TABLE `tabLead` MODIFY `annual_revenue` decimal(21,9) not null default 0
2025-01-07 10:52:27,981 WARNING database DDL Query made to DB:
ALTER TABLE `tabLead` MODIFY `annual_revenue` decimal(21,9) not null default 0
2025-01-07 10:52:27,981 WARNING database DDL Query made to DB:
ALTER TABLE `tabLead` MODIFY `annual_revenue` decimal(21,9) not null default 0
2025-01-07 10:52:29,530 WARNING database DDL Query made to DB:
ALTER TABLE `tabLead` MODIFY `annual_revenue` decimal(21,9) not null default 0
2025-01-07 10:52:29,530 WARNING database DDL Query made to DB:
ALTER TABLE `tabLead` MODIFY `annual_revenue` decimal(21,9) not null default 0
2025-01-07 10:52:29,530 WARNING database DDL Query made to DB:
ALTER TABLE `tabLead` MODIFY `annual_revenue` decimal(21,9) not null default 0
2025-01-07 11:00:39,251 WARNING database DDL Query made to DB:
ALTER TABLE `tabLead` MODIFY `annual_revenue` decimal(21,9) not null default 0
2025-01-07 11:00:39,251 WARNING database DDL Query made to DB:
ALTER TABLE `tabLead` MODIFY `annual_revenue` decimal(21,9) not null default 0
2025-01-07 11:00:39,251 WARNING database DDL Query made to DB:
ALTER TABLE `tabLead` MODIFY `annual_revenue` decimal(21,9) not null default 0
2025-01-07 11:01:39,051 WARNING database DDL Query made to DB:
ALTER TABLE `tabLead` MODIFY `annual_revenue` decimal(21,9) not null default 0
2025-01-07 11:01:39,051 WARNING database DDL Query made to DB:
ALTER TABLE `tabLead` MODIFY `annual_revenue` decimal(21,9) not null default 0
2025-01-07 11:01:39,051 WARNING database DDL Query made to DB:
ALTER TABLE `tabLead` MODIFY `annual_revenue` decimal(21,9) not null default 0
2025-01-07 11:03:10,466 WARNING database DDL Query made to DB:
ALTER TABLE `tabLead` MODIFY `annual_revenue` decimal(21,9) not null default 0
2025-01-07 11:03:10,466 WARNING database DDL Query made to DB:
ALTER TABLE `tabLead` MODIFY `annual_revenue` decimal(21,9) not null default 0
2025-01-07 11:03:10,466 WARNING database DDL Query made to DB:
ALTER TABLE `tabLead` MODIFY `annual_revenue` decimal(21,9) not null default 0
2025-01-07 11:50:01,931 WARNING database DDL Query made to DB:
ALTER TABLE `tabLead` ADD COLUMN `reference` varchar(140)
2025-01-07 11:50:01,931 WARNING database DDL Query made to DB:
ALTER TABLE `tabLead` ADD COLUMN `reference` varchar(140)
2025-01-07 11:50:01,931 WARNING database DDL Query made to DB:
ALTER TABLE `tabLead` ADD COLUMN `reference` varchar(140)
2025-01-07 11:50:01,940 WARNING database DDL Query made to DB:
ALTER TABLE `tabLead` MODIFY `annual_revenue` decimal(21,9) not null default 0
2025-01-07 11:50:01,940 WARNING database DDL Query made to DB:
ALTER TABLE `tabLead` MODIFY `annual_revenue` decimal(21,9) not null default 0
2025-01-07 11:50:01,940 WARNING database DDL Query made to DB:
ALTER TABLE `tabLead` MODIFY `annual_revenue` decimal(21,9) not null default 0
2025-01-07 15:03:10,899 WARNING database DDL Query made to DB:
ALTER TABLE `tabLead` MODIFY `annual_revenue` decimal(21,9) not null default 0
2025-01-07 17:27:26,207 WARNING database DDL Query made to DB:
alter table `tabDocType` add column if not exists migration_hash varchar(140)
2025-01-07 17:27:27,015 WARNING database DDL Query made to DB:
ALTER TABLE `tabPrint Heading` DROP INDEX `print_heading`
2025-01-07 17:27:27,724 WARNING database DDL Query made to DB:
ALTER TABLE `tabLead` MODIFY `annual_revenue` decimal(21,9) not null default 0
2025-01-07 17:27:28,044 WARNING database DDL Query made to DB:
ALTER TABLE `tabPrint Heading` ADD UNIQUE INDEX IF NOT EXISTS print_heading (`print_heading`)
2025-01-07 17:27:28,505 WARNING database DDL Query made to DB:
ALTER TABLE `tabContractor` MODIFY `exicutive_level` decimal(3,2)
2025-01-07 17:33:03,874 WARNING database DDL Query made to DB:
ALTER TABLE `tabLead` MODIFY `annual_revenue` decimal(21,9) not null default 0
2025-01-07 17:57:18,012 WARNING database DDL Query made to DB:
alter table `tabDocType` add column if not exists migration_hash varchar(140)
2025-01-07 17:57:18,709 WARNING database DDL Query made to DB:
ALTER TABLE `tabPrint Heading` DROP INDEX `print_heading`
2025-01-07 17:57:19,401 WARNING database DDL Query made to DB:
ALTER TABLE `tabLead` MODIFY `annual_revenue` decimal(21,9) not null default 0
2025-01-07 17:57:19,702 WARNING database DDL Query made to DB:
ALTER TABLE `tabPrint Heading` ADD UNIQUE INDEX IF NOT EXISTS print_heading (`print_heading`)
2025-01-08 10:06:58,244 WARNING database DDL Query made to DB:
ALTER TABLE `tabLead` MODIFY `annual_revenue` decimal(21,9) not null default 0
2025-01-08 10:34:53,349 WARNING database DDL Query made to DB:
ALTER TABLE `tabLead` MODIFY `annual_revenue` decimal(21,9) not null default 0
2025-01-08 10:34:53,349 WARNING database DDL Query made to DB:
ALTER TABLE `tabLead` MODIFY `annual_revenue` decimal(21,9) not null default 0
2025-01-08 10:35:44,723 WARNING database DDL Query made to DB:
ALTER TABLE `tabLead` ADD COLUMN `reference_type` varchar(140)
2025-01-08 10:35:44,730 WARNING database DDL Query made to DB:
ALTER TABLE `tabLead` MODIFY `annual_revenue` decimal(21,9) not null default 0
2025-01-08 10:39:43,510 WARNING database DDL Query made to DB:
ALTER TABLE `tabLead` MODIFY `annual_revenue` decimal(21,9) not null default 0
2025-01-08 10:47:37,501 WARNING database DDL Query made to DB:
ALTER TABLE `tabLead` MODIFY `annual_revenue` decimal(21,9) not null default 0
2025-01-08 11:25:15,512 WARNING database DDL Query made to DB:
ALTER TABLE `tabLead` MODIFY `annual_revenue` decimal(21,9) not null default 0
2025-01-08 11:28:12,610 WARNING database DDL Query made to DB:
ALTER TABLE `tabLead` MODIFY `annual_revenue` decimal(21,9) not null default 0
2025-01-08 11:28:12,610 WARNING database DDL Query made to DB:
ALTER TABLE `tabLead` MODIFY `annual_revenue` decimal(21,9) not null default 0
2025-01-08 11:33:03,560 WARNING database DDL Query made to DB:
ALTER TABLE `tabLead` MODIFY `annual_revenue` decimal(21,9) not null default 0
2025-01-08 11:34:09,939 WARNING database DDL Query made to DB:
ALTER TABLE `tabLead` MODIFY `annual_revenue` decimal(21,9) not null default 0
2025-01-08 11:35:34,897 WARNING database DDL Query made to DB:
ALTER TABLE `tabLead` MODIFY `annual_revenue` decimal(21,9) not null default 0
2025-01-08 12:36:09,581 WARNING database DDL Query made to DB:
ALTER TABLE `tabLead` MODIFY `annual_revenue` decimal(21,9) not null default 0
2025-01-08 12:37:25,982 WARNING database DDL Query made to DB:
ALTER TABLE `tabLead` MODIFY `annual_revenue` decimal(21,9) not null default 0
2025-01-08 12:39:13,642 WARNING database DDL Query made to DB:
ALTER TABLE `tabLead` MODIFY `annual_revenue` decimal(21,9) not null default 0
2025-01-08 12:42:51,271 WARNING database DDL Query made to DB:
ALTER TABLE `tabLead` MODIFY `annual_revenue` decimal(21,9) not null default 0
2025-01-08 12:42:51,271 WARNING database DDL Query made to DB:
ALTER TABLE `tabLead` MODIFY `annual_revenue` decimal(21,9) not null default 0
2025-01-08 16:24:55,496 WARNING database DDL Query made to DB:
ALTER TABLE `tabLead` MODIFY `annual_revenue` decimal(21,9) not null default 0
2025-01-08 16:24:55,496 WARNING database DDL Query made to DB:
ALTER TABLE `tabLead` MODIFY `annual_revenue` decimal(21,9) not null default 0
2025-01-08 16:28:13,934 WARNING database DDL Query made to DB:
ALTER TABLE `tabLead` MODIFY `annual_revenue` decimal(21,9) not null default 0
2025-01-08 16:50:02,212 WARNING database DDL Query made to DB:
create table `tabDummy Doctype` (
			name varchar(140) primary key,
			creation datetime(6),
			modified datetime(6),
			modified_by varchar(140),
			owner varchar(140),
			docstatus int(1) not null default '0',
			idx int(8) not null default '0',
			`_user_tags` text,
`_comments` text,
`_assign` text,
`_liked_by` text,
index modified(modified))
			ENGINE=InnoDB
			ROW_FORMAT=DYNAMIC
			CHARACTER SET=utf8mb4
			COLLATE=utf8mb4_unicode_ci
2025-01-08 16:50:02,212 WARNING database DDL Query made to DB:
create table `tabDummy Doctype` (
			name varchar(140) primary key,
			creation datetime(6),
			modified datetime(6),
			modified_by varchar(140),
			owner varchar(140),
			docstatus int(1) not null default '0',
			idx int(8) not null default '0',
			`_user_tags` text,
`_comments` text,
`_assign` text,
`_liked_by` text,
index modified(modified))
			ENGINE=InnoDB
			ROW_FORMAT=DYNAMIC
			CHARACTER SET=utf8mb4
			COLLATE=utf8mb4_unicode_ci
2025-01-08 17:23:08,901 WARNING database DDL Query made to DB:
ALTER TABLE `tabLead` MODIFY `annual_revenue` decimal(21,9) not null default 0
2025-01-08 17:23:08,901 WARNING database DDL Query made to DB:
ALTER TABLE `tabLead` MODIFY `annual_revenue` decimal(21,9) not null default 0
2025-01-08 22:00:25,799 WARNING database DDL Query made to DB:
ALTER TABLE `tabLead` ADD COLUMN `custom_custom_field` varchar(140)
2025-01-08 22:00:25,807 WARNING database DDL Query made to DB:
ALTER TABLE `tabLead` MODIFY `annual_revenue` decimal(21,9) not null default 0
2025-01-08 22:00:26,027 WARNING database DDL Query made to DB:
ALTER TABLE `tabLead` MODIFY `annual_revenue` decimal(21,9) not null default 0
2025-01-08 22:01:11,300 WARNING database DDL Query made to DB:
ALTER TABLE `tabLead` MODIFY `annual_revenue` decimal(21,9) not null default 0
