_HiStOrY_V2_
selct\040*\040from\040`tabCustom\040Field`\040where\040`dt`\040=\040`Lead`
selct\040*\040from\040`tabCustom\040Field`\040where\040`dt`\040=\040`Lead`;
selct\040*\040from\040`tabCustom\040Field`\040where\040`dt`\040=\040`Lead`\040selct\040*\040from\040`tabCustom\040Field`\040where\040`dt`\040=\040`Lead`;
select\040*\040from\040'tabCustom\040Field'\040where\040'dt'\040=\040'Lead';
SELECT\040*\040FROM\040`tabCustom\040Field`\040WHERE\040`dt`\040=\040'Lead';
DELETE\040FROM\040`tabCustom\040Field`\040WHERE\040`name`\040=\040'Lead-custom_reference';
bench\040clear-cache
SELECT\040*\040FROM\040`tabCustom\040Field`\040WHERE\040`dt`\040=\040'Lead';
bench\040clear-cache\040SELECT\040*\040FROM\040`tabCustom\040Field`\040WHERE\040`dt`\040=\040'Lead';
SELECT\040*\040FROM\040`tabCustom\040Field`\040WHERE\040`dt`\040=\040'Lead';
DELETE\040FROM\040`tabCustom\040Field`\040WHERE\040`name`\040=\040'Lead-custom_get_me_any_link';
SELECT\040*\040FROM\040`tabCustom\040Field`\040WHERE\040`dt`\040=\040'Lead';
q
select\040*\040from\040`tabDocType`\040where\040`name`\040like\040'%CRM%';
select\040*\040from\040`tabCRM\040Lead\040Status`\040;
select\040*\040from\040`tabDocType`\040where\040`name`\040=\040'CRM\040Lead\040status';
select\040*from\040tabCustom\040Field\040where\040name\040like\040'%CRM\040Lead\040Status%';
select\040from\040`tabPropety\040Setter`\040where\040`doc_type`\040like\040%CRM%\040;
delete\040from\040`tabPropety\040Setter`\040where\040`doc_type`\040like\040%CRM%\040;
delete\040*from\040tabCustom\040Field\040where\040name\040like\040'%CRM\040Lead\040Status%';
delete\040from\040`tabProperty\040Setter`\040where\040`doc_type`\040like\040%CRM%\040;
DELETE\040FROM\040`tabCustom\040Field`\040WHERE\040`name`\040LIKE\040'%CRM\040Lead\040Status%';
>\040delete\040from\040`tabProperty\040Setter`\040where\040`doc_type`\040like\040%CRM%\040;
ERROR\0401064\040(42000):\040You\040have\040an\040error\040in\040your\040SQL\040syntax;\040check\040the\040manual\040that\040corresponds\040to\040your\040MariaDB\040server\040version\040for\040the\040right\040syntax\040to\040use\040near\040'%CRM%'\040at\040line\0401
MariaDB\040[_000592784d7ee2a8]>\040DELETE\040FROM\040`tabCustom\040Field`\040WHERE\040`name`\040LIKE\040'%CRM\040Lead\040Status%';
check\040the\040manual\040that\040corresponds\040to\040your\040MariaDB\040server\040version\040for\040the\040right\040syntax\040to\040use\040near\040'%CRM%'\040at\040line\0401\040MariaDB\040[_000592784d7ee2a8]>\040DELETE\040FROM\040`tabCustom\040Field`\040WHERE\040`name`\040LIKE\040'%CRM\040Lead\040Status%';
ERROR\0401175\040(HY000):\040You\040are\040using\040safe\040update\040mode\040and\040you\040tried\040to\040update\040a\040table\040without\040a\040WHERE\040that\040uses\040a\040KEY\040column
MariaDB\040[_000592784d7ee2a8]>DELETE\040FROM\040`tabCustom\040Field`\040WHERE\040`name`\040LIKE\040'%CRM\040Lead\040Status%'\040AND\040`name`\040IS\040NOT\040NULL;
ERROR\0401175\040(HY000):\040You\040are\040using\040safe\040update\040mode\040and\040you\040tried\040to\040update\040a\040table\040without\040a\040WHERE\040that\040uses\040a\040KEY\040column\040MariaDB\040[_000592784d7ee2a8]>DELETE\040FROM\040`tabCustom\040Field`\040WHERE\040`name`\040LIKE\040'%CRM\040Lead\040Status%'\040AND\040`name`\040IS\040NOT\040NULL;
SET\040SQL_SAFE_UPDATES\040=\0400;
DELETE\040FROM\040`tabCustom\040Field`\040WHERE\040`name`\040LIKE\040'%CRM\040Lead\040Status%';
SET\040SQL_SAFE_UPDATES\040=\0401;\040
SELECT\040*\040FROM\040`tabCustom\040Field`\040WHERE\040`name`\040LIKE\040'%CRM%';
SELECT\040*\040FROM\040`tabProperty\040Setter`\040WHERE\040`doc_type`\040LIKE\040'%CRM%';
SELECT\040*\040FROM\040`tabCustom\040Field`\040WHERE\040`name`\040LIKE\040'%CRM%';
SELECT\040*\040FROM\040`tabProperty\040Setter`\040WHERE\040`doc_type`\040LIKE\040'%CRM%';
q
end
quit
exit
end
