2025-01-13 11:23:30,930 ERROR frappe New Exception collected in error log
Site: mysite
Form Dict: {'doctype': 'CRM Lead', 'filters': {}, 'order_by': 'modified desc', 'default_filters': {'converted': 0}, 'view': {'custom_view_name': 1, 'view_type': 'list', 'group_by_field': 'owner'}, 'column_field': 'status', 'title_field': '', 'kanban_columns': '[]', 'kanban_fields': '[]', 'columns': '[{"label": "Name", "type": "Data", "key": "lead_name", "width": "12rem"}, {"label": "Organization", "type": "Link", "key": "organization", "options": "CRM Organization", "width": "10rem"}, {"label": "Status", "type": "Select", "key": "status", "width": "8rem"}, {"label": "Email", "type": "Data", "key": "email", "width": "12rem"}, {"label": "Mobile No", "type": "Data", "key": "mobile_no", "width": "11rem"}, {"label": "Assigned To", "type": "Text", "key": "_assign", "width": "10rem"}, {"label": "Last Modified", "type": "Datetime", "key": "modified", "width": "8rem"}]', 'rows': '["name", "lead_name", "organization", "status", "email", "mobile_no", "lead_owner", "first_name", "sla_status", "response_by", "first_response_time", "first_responded_on", "modified", "_assign", "image", "owner", "creation", "modified_by", "_liked_by"]', 'cmd': 'crm.api.doc.get_data'}
2025-01-13 11:23:30,953 ERROR frappe New Exception collected in error log
Site: mysite
Form Dict: {'doctype': 'CRM Lead', 'filters': {}, 'order_by': 'modified desc', 'default_filters': {'converted': 0}, 'view': {'custom_view_name': 1, 'view_type': 'list', 'group_by_field': 'owner'}, 'column_field': 'status', 'title_field': '', 'kanban_columns': '[]', 'kanban_fields': '[]', 'columns': '[{"label": "Name", "type": "Data", "key": "lead_name", "width": "12rem"}, {"label": "Organization", "type": "Link", "key": "organization", "options": "CRM Organization", "width": "10rem"}, {"label": "Status", "type": "Select", "key": "status", "width": "8rem"}, {"label": "Email", "type": "Data", "key": "email", "width": "12rem"}, {"label": "Mobile No", "type": "Data", "key": "mobile_no", "width": "11rem"}, {"label": "Assigned To", "type": "Text", "key": "_assign", "width": "10rem"}, {"label": "Last Modified", "type": "Datetime", "key": "modified", "width": "8rem"}]', 'rows': '["name", "lead_name", "organization", "status", "email", "mobile_no", "lead_owner", "first_name", "sla_status", "response_by", "first_response_time", "first_responded_on", "modified", "_assign", "image", "owner", "creation", "modified_by", "_liked_by"]', 'page_length': 20, 'page_length_count': 20, 'cmd': 'crm.api.doc.get_data'}
2025-01-13 11:28:38,673 ERROR frappe New Exception collected in error log
Site: mysite
Form Dict: {'cmd': 'crm.api.notifications.get_notifications'}
2025-01-13 11:28:38,701 ERROR frappe New Exception collected in error log
Site: mysite
Form Dict: {'cmd': 'crm.api.session.get_lead_contacts'}
2025-01-13 11:28:38,720 ERROR frappe New Exception collected in error log
Site: mysite
Form Dict: {'doctype': {}, 'cmd': 'crm.api.views.get_views'}
2025-01-13 11:28:38,758 ERROR frappe New Exception collected in error log
Site: mysite
Form Dict: {'doctype': 'FCRM Settings', 'name': 'FCRM Settings', 'cmd': 'frappe.client.get'}
2025-01-13 11:28:38,981 ERROR frappe New Exception collected in error log
Site: mysite
Form Dict: {'doctype': 'CRM Lead', 'cmd': 'crm.api.doc.get_filterable_fields'}
2025-01-13 11:28:38,996 ERROR frappe New Exception collected in error log
Site: mysite
Form Dict: {'doctype': 'FCRM Settings', 'name': 'FCRM Settings', 'cmd': 'frappe.client.get'}
2025-01-13 11:28:39,026 ERROR frappe New Exception collected in error log
Site: mysite
Form Dict: {'doctype': 'CRM Lead', 'filters': {}, 'order_by': 'modified desc', 'default_filters': {'converted': 0}, 'view': {'custom_view_name': 1, 'view_type': 'list', 'group_by_field': 'owner'}, 'column_field': 'status', 'title_field': '', 'kanban_columns': '[]', 'kanban_fields': '[]', 'columns': '[{"label": "Name", "type": "Data", "key": "lead_name", "width": "12rem"}, {"label": "Organization", "type": "Link", "key": "organization", "options": "CRM Organization", "width": "10rem"}, {"label": "Status", "type": "Select", "key": "status", "width": "8rem"}, {"label": "Email", "type": "Data", "key": "email", "width": "12rem"}, {"label": "Mobile No", "type": "Data", "key": "mobile_no", "width": "11rem"}, {"label": "Assigned To", "type": "Text", "key": "_assign", "width": "10rem"}, {"label": "Last Modified", "type": "Datetime", "key": "modified", "width": "8rem"}]', 'rows': '["name", "lead_name", "organization", "status", "email", "mobile_no", "lead_owner", "first_name", "sla_status", "response_by", "first_response_time", "first_responded_on", "modified", "_assign", "image", "owner", "creation", "modified_by", "_liked_by"]', 'cmd': 'crm.api.doc.get_data'}
2025-01-13 11:28:39,027 ERROR frappe New Exception collected in error log
Site: mysite
Form Dict: {'doctype': 'CRM Lead', 'filters': {}, 'order_by': 'modified desc', 'default_filters': {'converted': 0}, 'view': {'custom_view_name': 1, 'view_type': 'list', 'group_by_field': 'owner'}, 'column_field': 'status', 'title_field': '', 'kanban_columns': '[]', 'kanban_fields': '[]', 'columns': '[{"label": "Name", "type": "Data", "key": "lead_name", "width": "12rem"}, {"label": "Organization", "type": "Link", "key": "organization", "options": "CRM Organization", "width": "10rem"}, {"label": "Status", "type": "Select", "key": "status", "width": "8rem"}, {"label": "Email", "type": "Data", "key": "email", "width": "12rem"}, {"label": "Mobile No", "type": "Data", "key": "mobile_no", "width": "11rem"}, {"label": "Assigned To", "type": "Text", "key": "_assign", "width": "10rem"}, {"label": "Last Modified", "type": "Datetime", "key": "modified", "width": "8rem"}]', 'rows': '["name", "lead_name", "organization", "status", "email", "mobile_no", "lead_owner", "first_name", "sla_status", "response_by", "first_response_time", "first_responded_on", "modified", "_assign", "image", "owner", "creation", "modified_by", "_liked_by"]', 'page_length': 20, 'page_length_count': 20, 'cmd': 'crm.api.doc.get_data'}
2025-01-13 11:28:44,740 ERROR frappe New Exception collected in error log
Site: mysite
Form Dict: {'doctype': 'FCRM Settings', 'name': 'FCRM Settings', 'cmd': 'frappe.client.get'}
2025-01-13 11:28:44,831 ERROR frappe New Exception collected in error log
Site: mysite
Form Dict: {'cmd': 'crm.api.session.get_organizations'}
2025-01-13 11:28:45,254 ERROR frappe New Exception collected in error log
Site: mysite
Form Dict: {'doctype': 'Contact', 'filters': {}, 'order_by': 'modified desc', 'default_filters': {}, 'view': {'custom_view_name': '', 'view_type': 'list', 'group_by_field': 'owner'}, 'column_field': 'status', 'title_field': '', 'kanban_columns': '', 'kanban_fields': '', 'columns': '', 'rows': '', 'cmd': 'crm.api.doc.get_data'}
2025-01-13 11:28:46,232 ERROR frappe New Exception collected in error log
Site: mysite
Form Dict: {'doctype': 'FCRM Settings', 'name': 'FCRM Settings', 'cmd': 'frappe.client.get'}
2025-01-13 11:28:46,345 ERROR frappe New Exception collected in error log
Site: mysite
Form Dict: {'doctype': 'CRM Lead', 'filters': {}, 'order_by': 'modified desc', 'default_filters': {'converted': 0}, 'view': {'custom_view_name': 1, 'view_type': 'list', 'group_by_field': 'owner'}, 'column_field': 'status', 'title_field': '', 'kanban_columns': '[]', 'kanban_fields': '[]', 'columns': '[{"label": "Name", "type": "Data", "key": "lead_name", "width": "12rem"}, {"label": "Organization", "type": "Link", "key": "organization", "options": "CRM Organization", "width": "10rem"}, {"label": "Status", "type": "Select", "key": "status", "width": "8rem"}, {"label": "Email", "type": "Data", "key": "email", "width": "12rem"}, {"label": "Mobile No", "type": "Data", "key": "mobile_no", "width": "11rem"}, {"label": "Assigned To", "type": "Text", "key": "_assign", "width": "10rem"}, {"label": "Last Modified", "type": "Datetime", "key": "modified", "width": "8rem"}]', 'rows': '["name", "lead_name", "organization", "status", "email", "mobile_no", "lead_owner", "first_name", "sla_status", "response_by", "first_response_time", "first_responded_on", "modified", "_assign", "image", "owner", "creation", "modified_by", "_liked_by"]', 'page_length': 20, 'page_length_count': 20, 'cmd': 'crm.api.doc.get_data'}
2025-01-13 11:29:00,778 ERROR frappe New Exception collected in error log
Site: mysite
Form Dict: {'doctype': 'FCRM Settings', 'name': 'FCRM Settings', 'cmd': 'frappe.client.get'}
2025-01-13 11:29:00,805 ERROR frappe New Exception collected in error log
Site: mysite
Form Dict: {'doctype': 'CRM Task', 'cmd': 'crm.api.doc.get_filterable_fields'}
2025-01-13 11:29:00,851 ERROR frappe New Exception collected in error log
Site: mysite
Form Dict: {'doctype': 'CRM Task', 'filters': {}, 'order_by': 'modified desc', 'default_filters': {}, 'view': {'custom_view_name': '', 'view_type': 'list', 'group_by_field': 'owner'}, 'column_field': 'status', 'title_field': '', 'kanban_columns': '', 'kanban_fields': '', 'columns': '', 'rows': '', 'page_length': 20, 'page_length_count': 20, 'cmd': 'crm.api.doc.get_data'}
2025-01-13 11:29:02,278 ERROR frappe New Exception collected in error log
Site: mysite
Form Dict: {'doctype': 'CRM Call Log', 'cmd': 'crm.api.doc.get_filterable_fields'}
2025-01-13 11:29:02,278 ERROR frappe New Exception collected in error log
Site: mysite
Form Dict: {'doctype': 'FCRM Settings', 'name': 'FCRM Settings', 'cmd': 'frappe.client.get'}
2025-01-13 11:29:02,309 ERROR frappe New Exception collected in error log
Site: mysite
Form Dict: {'doctype': 'CRM Call Log', 'filters': {}, 'order_by': 'modified desc', 'default_filters': {}, 'view': {'custom_view_name': '', 'view_type': 'list', 'group_by_field': 'owner'}, 'column_field': 'status', 'title_field': '', 'kanban_columns': '', 'kanban_fields': '', 'columns': '', 'rows': '', 'page_length': 20, 'page_length_count': 20, 'cmd': 'crm.api.doc.get_data'}
2025-01-13 11:29:06,605 ERROR frappe New Exception collected in error log
Site: mysite
Form Dict: {'doctype': 'FCRM Settings', 'name': 'FCRM Settings', 'cmd': 'frappe.client.get'}
2025-01-13 11:29:06,738 ERROR frappe New Exception collected in error log
Site: mysite
Form Dict: {'doctype': 'Email Template', 'filters': {}, 'order_by': 'modified desc', 'default_filters': {}, 'view': {'custom_view_name': '', 'view_type': 'list', 'group_by_field': 'owner'}, 'column_field': 'status', 'title_field': '', 'kanban_columns': '', 'kanban_fields': '', 'columns': '', 'rows': '', 'page_length': 20, 'page_length_count': 20, 'cmd': 'crm.api.doc.get_data'}
2025-01-13 11:29:09,321 ERROR frappe New Exception collected in error log
Site: mysite
Form Dict: {'doctype': 'FCRM Settings', 'name': 'FCRM Settings', 'cmd': 'frappe.client.get'}
2025-01-13 11:29:09,415 ERROR frappe New Exception collected in error log
Site: mysite
Form Dict: {'doctype': 'CRM Task', 'filters': {}, 'order_by': 'modified desc', 'default_filters': {}, 'view': {'custom_view_name': '', 'view_type': 'list', 'group_by_field': 'owner'}, 'column_field': 'status', 'title_field': '', 'kanban_columns': '', 'kanban_fields': '', 'columns': '', 'rows': '', 'page_length': 20, 'page_length_count': 20, 'cmd': 'crm.api.doc.get_data'}
2025-01-13 11:29:11,517 ERROR frappe New Exception collected in error log
Site: mysite
Form Dict: {'doctype': 'FCRM Settings', 'name': 'FCRM Settings', 'cmd': 'frappe.client.get'}
2025-01-13 11:29:11,556 ERROR frappe New Exception collected in error log
Site: mysite
Form Dict: {'doctype': 'CRM Organization', 'cmd': 'crm.api.doc.get_filterable_fields'}
2025-01-13 11:29:11,589 ERROR frappe New Exception collected in error log
Site: mysite
Form Dict: {'doctype': 'CRM Organization', 'filters': {}, 'order_by': 'modified desc', 'default_filters': {}, 'view': {'custom_view_name': '', 'view_type': 'list', 'group_by_field': 'owner'}, 'column_field': 'status', 'title_field': '', 'kanban_columns': '', 'kanban_fields': '', 'columns': '', 'rows': '', 'page_length': 20, 'page_length_count': 20, 'cmd': 'crm.api.doc.get_data'}
2025-01-13 11:29:28,924 ERROR frappe New Exception collected in error log
Site: mysite
Form Dict: {'doctype': 'CRM Organization', 'filters': {'name': ['LIKE', '%ffg%']}, 'order_by': 'modified desc', 'default_filters': {}, 'view': {'custom_view_name': '', 'view_type': 'list', 'group_by_field': 'owner'}, 'column_field': 'status', 'title_field': '', 'kanban_columns': '', 'kanban_fields': '', 'columns': '', 'rows': '', 'page_length': 20, 'page_length_count': 20, 'cmd': 'crm.api.doc.get_data'}
2025-01-13 11:29:28,951 ERROR frappe New Exception collected in error log
Site: mysite
Form Dict: {'view': {'name': '', 'label': 'List', 'type': 'list', 'icon': '', 'filters': {'name': ['LIKE', '%ffg%']}, 'order_by': 'modified desc', 'group_by_field': 'owner', 'column_field': 'status', 'title_field': '', 'kanban_columns': '', 'kanban_fields': '', 'columns': '', 'rows': '', 'route_name': 'Organizations', 'load_default_columns': True, 'pinned': False, 'public': False, 'doctype': 'CRM Organization'}, 'cmd': 'crm.fcrm.doctype.crm_view_settings.crm_view_settings.create_or_update_default_view'}
2025-01-13 11:29:30,278 ERROR frappe New Exception collected in error log
Site: mysite
Form Dict: {'view': {'name': '', 'label': 'List', 'type': 'list', 'icon': '', 'filters': {}, 'order_by': 'modified desc', 'group_by_field': 'owner', 'column_field': 'status', 'title_field': '', 'kanban_columns': '', 'kanban_fields': '', 'columns': '', 'rows': '', 'route_name': 'Organizations', 'load_default_columns': True, 'pinned': False, 'public': False, 'doctype': 'CRM Organization'}, 'cmd': 'crm.fcrm.doctype.crm_view_settings.crm_view_settings.create_or_update_default_view'}
2025-01-13 11:29:30,282 ERROR frappe New Exception collected in error log
Site: mysite
Form Dict: {'doctype': 'CRM Organization', 'filters': {}, 'order_by': 'modified desc', 'default_filters': {}, 'view': {'custom_view_name': '', 'view_type': 'list', 'group_by_field': 'owner'}, 'column_field': 'status', 'title_field': '', 'kanban_columns': '', 'kanban_fields': '', 'columns': '', 'rows': '', 'page_length': 20, 'page_length_count': 20, 'cmd': 'crm.api.doc.get_data'}
2025-01-13 11:29:50,469 ERROR frappe New Exception collected in error log
Site: mysite
Form Dict: {'doctype': 'FCRM Settings', 'name': 'FCRM Settings', 'cmd': 'frappe.client.get'}
2025-01-13 11:29:50,610 ERROR frappe New Exception collected in error log
Site: mysite
Form Dict: {'doctype': 'CRM Lead', 'filters': {}, 'order_by': 'modified desc', 'default_filters': {'converted': 0}, 'view': {'custom_view_name': 1, 'view_type': 'list', 'group_by_field': 'owner'}, 'column_field': 'status', 'title_field': '', 'kanban_columns': '[]', 'kanban_fields': '[]', 'columns': '[{"label": "Name", "type": "Data", "key": "lead_name", "width": "12rem"}, {"label": "Organization", "type": "Link", "key": "organization", "options": "CRM Organization", "width": "10rem"}, {"label": "Status", "type": "Select", "key": "status", "width": "8rem"}, {"label": "Email", "type": "Data", "key": "email", "width": "12rem"}, {"label": "Mobile No", "type": "Data", "key": "mobile_no", "width": "11rem"}, {"label": "Assigned To", "type": "Text", "key": "_assign", "width": "10rem"}, {"label": "Last Modified", "type": "Datetime", "key": "modified", "width": "8rem"}]', 'rows': '["name", "lead_name", "organization", "status", "email", "mobile_no", "lead_owner", "first_name", "sla_status", "response_by", "first_response_time", "first_responded_on", "modified", "_assign", "image", "owner", "creation", "modified_by", "_liked_by"]', 'page_length': 20, 'page_length_count': 20, 'cmd': 'crm.api.doc.get_data'}
2025-01-13 11:30:02,653 ERROR frappe New Exception collected in error log
Site: mysite
Form Dict: {'doctype': 'FCRM Settings', 'name': 'FCRM Settings', 'cmd': 'frappe.client.get'}
2025-01-13 11:30:02,737 ERROR frappe New Exception collected in error log
Site: mysite
Form Dict: {'doctype': 'CRM Organization', 'filters': {}, 'order_by': 'modified desc', 'default_filters': {}, 'view': {'custom_view_name': '', 'view_type': 'list', 'group_by_field': 'owner'}, 'column_field': 'status', 'title_field': '', 'kanban_columns': '', 'kanban_fields': '', 'columns': '', 'rows': '', 'page_length': 20, 'page_length_count': 20, 'cmd': 'crm.api.doc.get_data'}
2025-01-13 11:30:08,214 ERROR frappe New Exception collected in error log
Site: mysite
Form Dict: {'doctype': 'FCRM Settings', 'name': 'FCRM Settings', 'cmd': 'frappe.client.get'}
2025-01-13 11:30:08,381 ERROR frappe New Exception collected in error log
Site: mysite
Form Dict: {'doctype': 'CRM Lead', 'filters': {}, 'order_by': 'modified desc', 'default_filters': {'converted': 0}, 'view': {'custom_view_name': 1, 'view_type': 'list', 'group_by_field': 'owner'}, 'column_field': 'status', 'title_field': '', 'kanban_columns': '[]', 'kanban_fields': '[]', 'columns': '[{"label": "Name", "type": "Data", "key": "lead_name", "width": "12rem"}, {"label": "Organization", "type": "Link", "key": "organization", "options": "CRM Organization", "width": "10rem"}, {"label": "Status", "type": "Select", "key": "status", "width": "8rem"}, {"label": "Email", "type": "Data", "key": "email", "width": "12rem"}, {"label": "Mobile No", "type": "Data", "key": "mobile_no", "width": "11rem"}, {"label": "Assigned To", "type": "Text", "key": "_assign", "width": "10rem"}, {"label": "Last Modified", "type": "Datetime", "key": "modified", "width": "8rem"}]', 'rows': '["name", "lead_name", "organization", "status", "email", "mobile_no", "lead_owner", "first_name", "sla_status", "response_by", "first_response_time", "first_responded_on", "modified", "_assign", "image", "owner", "creation", "modified_by", "_liked_by"]', 'page_length': 20, 'page_length_count': 20, 'cmd': 'crm.api.doc.get_data'}
2025-01-13 11:30:30,664 ERROR frappe New Exception collected in error log
Site: mysite
Form Dict: {'doctype': 'FCRM Settings', 'name': 'FCRM Settings', 'cmd': 'frappe.client.get'}
2025-01-13 11:30:30,732 ERROR frappe New Exception collected in error log
Site: mysite
Form Dict: {'doctype': 'CRM Organization', 'filters': {}, 'order_by': 'modified desc', 'default_filters': {}, 'view': {'custom_view_name': '', 'view_type': 'list', 'group_by_field': 'owner'}, 'column_field': 'status', 'title_field': '', 'kanban_columns': '', 'kanban_fields': '', 'columns': '', 'rows': '', 'cmd': 'crm.api.doc.get_data'}
2025-01-13 11:30:40,856 ERROR frappe New Exception collected in error log
Site: mysite
Form Dict: {'doctype': 'FCRM Settings', 'name': 'FCRM Settings', 'cmd': 'frappe.client.get'}
2025-01-13 11:30:41,000 ERROR frappe New Exception collected in error log
Site: mysite
Form Dict: {'doctype': 'CRM Lead', 'filters': {}, 'order_by': 'modified desc', 'default_filters': {'converted': 0}, 'view': {'custom_view_name': 1, 'view_type': 'list', 'group_by_field': 'owner'}, 'column_field': 'status', 'title_field': '', 'kanban_columns': '[]', 'kanban_fields': '[]', 'columns': '[{"label": "Name", "type": "Data", "key": "lead_name", "width": "12rem"}, {"label": "Organization", "type": "Link", "key": "organization", "options": "CRM Organization", "width": "10rem"}, {"label": "Status", "type": "Select", "key": "status", "width": "8rem"}, {"label": "Email", "type": "Data", "key": "email", "width": "12rem"}, {"label": "Mobile No", "type": "Data", "key": "mobile_no", "width": "11rem"}, {"label": "Assigned To", "type": "Text", "key": "_assign", "width": "10rem"}, {"label": "Last Modified", "type": "Datetime", "key": "modified", "width": "8rem"}]', 'rows': '["name", "lead_name", "organization", "status", "email", "mobile_no", "lead_owner", "first_name", "sla_status", "response_by", "first_response_time", "first_responded_on", "modified", "_assign", "image", "owner", "creation", "modified_by", "_liked_by"]', 'page_length': 20, 'page_length_count': 20, 'cmd': 'crm.api.doc.get_data'}
2025-01-13 11:31:27,966 ERROR frappe New Exception collected in error log
Site: mysite
Form Dict: {'cmd': 'crm.api.notifications.get_notifications'}
2025-01-13 11:31:27,981 ERROR frappe New Exception collected in error log
Site: mysite
Form Dict: {'doctype': {}, 'cmd': 'crm.api.views.get_views'}
2025-01-13 11:31:28,014 ERROR frappe New Exception collected in error log
Site: mysite
Form Dict: {'doctype': 'FCRM Settings', 'name': 'FCRM Settings', 'cmd': 'frappe.client.get'}
2025-01-13 11:31:28,031 ERROR frappe New Exception collected in error log
Site: mysite
Form Dict: {'cmd': 'crm.api.session.get_lead_contacts'}
2025-01-13 11:31:28,288 ERROR frappe New Exception collected in error log
Site: mysite
Form Dict: {'doctype': 'CRM Lead', 'cmd': 'crm.api.doc.get_filterable_fields'}
2025-01-13 11:31:28,292 ERROR frappe New Exception collected in error log
Site: mysite
Form Dict: {'doctype': 'FCRM Settings', 'name': 'FCRM Settings', 'cmd': 'frappe.client.get'}
2025-01-13 11:31:28,313 ERROR frappe New Exception collected in error log
Site: mysite
Form Dict: {'doctype': 'CRM Lead', 'filters': {}, 'order_by': 'modified desc', 'default_filters': {'converted': 0}, 'view': {'custom_view_name': 1, 'view_type': 'list', 'group_by_field': 'owner'}, 'column_field': 'status', 'title_field': '', 'kanban_columns': '[]', 'kanban_fields': '[]', 'columns': '[{"label": "Name", "type": "Data", "key": "lead_name", "width": "12rem"}, {"label": "Organization", "type": "Link", "key": "organization", "options": "CRM Organization", "width": "10rem"}, {"label": "Status", "type": "Select", "key": "status", "width": "8rem"}, {"label": "Email", "type": "Data", "key": "email", "width": "12rem"}, {"label": "Mobile No", "type": "Data", "key": "mobile_no", "width": "11rem"}, {"label": "Assigned To", "type": "Text", "key": "_assign", "width": "10rem"}, {"label": "Last Modified", "type": "Datetime", "key": "modified", "width": "8rem"}]', 'rows': '["name", "lead_name", "organization", "status", "email", "mobile_no", "lead_owner", "first_name", "sla_status", "response_by", "first_response_time", "first_responded_on", "modified", "_assign", "image", "owner", "creation", "modified_by", "_liked_by"]', 'page_length': 20, 'page_length_count': 20, 'cmd': 'crm.api.doc.get_data'}
2025-01-13 11:31:28,314 ERROR frappe New Exception collected in error log
Site: mysite
Form Dict: {'doctype': 'CRM Lead', 'filters': {}, 'order_by': 'modified desc', 'default_filters': {'converted': 0}, 'view': {'custom_view_name': 1, 'view_type': 'list', 'group_by_field': 'owner'}, 'column_field': 'status', 'title_field': '', 'kanban_columns': '[]', 'kanban_fields': '[]', 'columns': '[{"label": "Name", "type": "Data", "key": "lead_name", "width": "12rem"}, {"label": "Organization", "type": "Link", "key": "organization", "options": "CRM Organization", "width": "10rem"}, {"label": "Status", "type": "Select", "key": "status", "width": "8rem"}, {"label": "Email", "type": "Data", "key": "email", "width": "12rem"}, {"label": "Mobile No", "type": "Data", "key": "mobile_no", "width": "11rem"}, {"label": "Assigned To", "type": "Text", "key": "_assign", "width": "10rem"}, {"label": "Last Modified", "type": "Datetime", "key": "modified", "width": "8rem"}]', 'rows': '["name", "lead_name", "organization", "status", "email", "mobile_no", "lead_owner", "first_name", "sla_status", "response_by", "first_response_time", "first_responded_on", "modified", "_assign", "image", "owner", "creation", "modified_by", "_liked_by"]', 'cmd': 'crm.api.doc.get_data'}
2025-01-13 11:33:49,273 ERROR frappe Error while inserting deferred Error Log record: Error Log ptdc5q7qg4: 'Title' (Module import failed for FCRM Settings, the DocType you're trying to open might be deleted.
Error: No module named 'frappe.core.doctype.fcrm_settings') will get truncated, as max characters allowed is 140
Site: mysite
Form Dict: {}
2025-01-13 11:33:49,277 ERROR frappe Error while inserting deferred Error Log record: Error Log tjd07p9kme: 'Title' (Module import failed for FCRM Settings, the DocType you're trying to open might be deleted.
Error: No module named 'frappe.core.doctype.fcrm_settings') will get truncated, as max characters allowed is 140
Site: mysite
Form Dict: {}
2025-01-13 11:33:49,315 ERROR frappe Error while inserting deferred Error Log record: Error Log icqgkbbhsv: 'Title' (Module import failed for FCRM Settings, the DocType you're trying to open might be deleted.
Error: No module named 'frappe.core.doctype.fcrm_settings') will get truncated, as max characters allowed is 140
Site: mysite
Form Dict: {}
2025-01-13 11:33:49,324 ERROR frappe Error while inserting deferred Error Log record: Error Log sd89bhcrah: 'Title' (Module import failed for FCRM Settings, the DocType you're trying to open might be deleted.
Error: No module named 'frappe.core.doctype.fcrm_settings') will get truncated, as max characters allowed is 140
Site: mysite
Form Dict: {}
2025-01-13 11:33:49,340 ERROR frappe Error while inserting deferred Error Log record: Error Log rvs9bag515: 'Title' (Module import failed for FCRM Settings, the DocType you're trying to open might be deleted.
Error: No module named 'frappe.core.doctype.fcrm_settings') will get truncated, as max characters allowed is 140
Site: mysite
Form Dict: {}
2025-01-13 11:33:49,357 ERROR frappe Error while inserting deferred Error Log record: Error Log enqd6g9jho: 'Title' (Module import failed for FCRM Settings, the DocType you're trying to open might be deleted.
Error: No module named 'frappe.core.doctype.fcrm_settings') will get truncated, as max characters allowed is 140
Site: mysite
Form Dict: {}
2025-01-13 11:33:49,368 ERROR frappe Error while inserting deferred Error Log record: Error Log p8c83uikve: 'Title' (Module import failed for FCRM Settings, the DocType you're trying to open might be deleted.
Error: No module named 'frappe.core.doctype.fcrm_settings') will get truncated, as max characters allowed is 140
Site: mysite
Form Dict: {}
2025-01-13 11:33:49,384 ERROR frappe Error while inserting deferred Error Log record: Error Log deuu5bkjch: 'Title' (Module import failed for CRM Call Log, the DocType you're trying to open might be deleted.
Error: No module named 'frappe.core.doctype.crm_call_log') will get truncated, as max characters allowed is 140
Site: mysite
Form Dict: {}
2025-01-13 11:33:49,389 ERROR frappe Error while inserting deferred Error Log record: Error Log 1636qq91dr: 'Title' (Module import failed for FCRM Settings, the DocType you're trying to open might be deleted.
Error: No module named 'frappe.core.doctype.fcrm_settings') will get truncated, as max characters allowed is 140
Site: mysite
Form Dict: {}
2025-01-13 11:33:49,393 ERROR frappe Error while inserting deferred Error Log record: Error Log fb1pv27oh2: 'Title' (Module import failed for CRM Call Log, the DocType you're trying to open might be deleted.
Error: No module named 'frappe.core.doctype.crm_call_log') will get truncated, as max characters allowed is 140
Site: mysite
Form Dict: {}
2025-01-13 11:33:49,397 ERROR frappe Error while inserting deferred Error Log record: Error Log 8g6t47rchk: 'Title' (Module import failed for FCRM Settings, the DocType you're trying to open might be deleted.
Error: No module named 'frappe.core.doctype.fcrm_settings') will get truncated, as max characters allowed is 140
Site: mysite
Form Dict: {}
2025-01-13 11:33:49,409 ERROR frappe Error while inserting deferred Error Log record: Error Log 9i583mnr19: 'Title' (Module import failed for FCRM Settings, the DocType you're trying to open might be deleted.
Error: No module named 'frappe.core.doctype.fcrm_settings') will get truncated, as max characters allowed is 140
Site: mysite
Form Dict: {}
2025-01-13 11:33:49,419 ERROR frappe Error while inserting deferred Error Log record: Error Log tan07mittq: 'Title' (Module import failed for FCRM Settings, the DocType you're trying to open might be deleted.
Error: No module named 'frappe.core.doctype.fcrm_settings') will get truncated, as max characters allowed is 140
Site: mysite
Form Dict: {}
2025-01-13 11:33:49,423 ERROR frappe Error while inserting deferred Error Log record: Error Log 9uva7eme9d: 'Title' (Module import failed for CRM Organization, the DocType you're trying to open might be deleted.
Error: No module named 'frappe.core.doctype.crm_organization') will get truncated, as max characters allowed is 140
Site: mysite
Form Dict: {}
2025-01-13 11:33:49,427 ERROR frappe Error while inserting deferred Error Log record: Error Log 6ci3jc96a8: 'Title' (Module import failed for CRM Organization, the DocType you're trying to open might be deleted.
Error: No module named 'frappe.core.doctype.crm_organization') will get truncated, as max characters allowed is 140
Site: mysite
Form Dict: {}
2025-01-13 11:33:49,431 ERROR frappe Error while inserting deferred Error Log record: Error Log 2mon97vl1r: 'Title' (Module import failed for CRM Organization, the DocType you're trying to open might be deleted.
Error: No module named 'frappe.core.doctype.crm_organization') will get truncated, as max characters allowed is 140
Site: mysite
Form Dict: {}
2025-01-13 11:33:49,435 ERROR frappe Error while inserting deferred Error Log record: Error Log v1a0lb4ito: 'Title' (Module import failed for CRM Organization, the DocType you're trying to open might be deleted.
Error: No module named 'frappe.core.doctype.crm_organization') will get truncated, as max characters allowed is 140
Site: mysite
Form Dict: {}
2025-01-13 11:33:49,438 ERROR frappe Error while inserting deferred Error Log record: Error Log i2elfie451: 'Title' (Module import failed for CRM Organization, the DocType you're trying to open might be deleted.
Error: No module named 'frappe.core.doctype.crm_organization') will get truncated, as max characters allowed is 140
Site: mysite
Form Dict: {}
2025-01-13 11:33:49,442 ERROR frappe Error while inserting deferred Error Log record: Error Log 58l77jvtul: 'Title' (Module import failed for CRM Organization, the DocType you're trying to open might be deleted.
Error: No module named 'frappe.core.doctype.crm_organization') will get truncated, as max characters allowed is 140
Site: mysite
Form Dict: {}
2025-01-13 11:33:49,446 ERROR frappe Error while inserting deferred Error Log record: Error Log ga9rh6def6: 'Title' (Module import failed for FCRM Settings, the DocType you're trying to open might be deleted.
Error: No module named 'frappe.core.doctype.fcrm_settings') will get truncated, as max characters allowed is 140
Site: mysite
Form Dict: {}
2025-01-13 11:33:49,455 ERROR frappe Error while inserting deferred Error Log record: Error Log invvk5c7d2: 'Title' (Module import failed for FCRM Settings, the DocType you're trying to open might be deleted.
Error: No module named 'frappe.core.doctype.fcrm_settings') will get truncated, as max characters allowed is 140
Site: mysite
Form Dict: {}
2025-01-13 11:33:49,459 ERROR frappe Error while inserting deferred Error Log record: Error Log 2n31aum37i: 'Title' (Module import failed for CRM Organization, the DocType you're trying to open might be deleted.
Error: No module named 'frappe.core.doctype.crm_organization') will get truncated, as max characters allowed is 140
Site: mysite
Form Dict: {}
2025-01-13 11:33:49,463 ERROR frappe Error while inserting deferred Error Log record: Error Log n9t6lodrua: 'Title' (Module import failed for FCRM Settings, the DocType you're trying to open might be deleted.
Error: No module named 'frappe.core.doctype.fcrm_settings') will get truncated, as max characters allowed is 140
Site: mysite
Form Dict: {}
2025-01-13 11:33:49,472 ERROR frappe Error while inserting deferred Error Log record: Error Log n8o1ju2f5a: 'Title' (Module import failed for FCRM Settings, the DocType you're trying to open might be deleted.
Error: No module named 'frappe.core.doctype.fcrm_settings') will get truncated, as max characters allowed is 140
Site: mysite
Form Dict: {}
2025-01-13 11:33:49,475 ERROR frappe Error while inserting deferred Error Log record: Error Log dldbckuctn: 'Title' (Module import failed for CRM Organization, the DocType you're trying to open might be deleted.
Error: No module named 'frappe.core.doctype.crm_organization') will get truncated, as max characters allowed is 140
Site: mysite
Form Dict: {}
2025-01-13 11:33:49,478 ERROR frappe Error while inserting deferred Error Log record: Error Log sicfvsg2lb: 'Title' (Module import failed for FCRM Settings, the DocType you're trying to open might be deleted.
Error: No module named 'frappe.core.doctype.fcrm_settings') will get truncated, as max characters allowed is 140
Site: mysite
Form Dict: {}
2025-01-13 11:33:49,497 ERROR frappe Error while inserting deferred Error Log record: Error Log 52c8utgt4k: 'Title' (Module import failed for FCRM Settings, the DocType you're trying to open might be deleted.
Error: No module named 'frappe.core.doctype.fcrm_settings') will get truncated, as max characters allowed is 140
Site: mysite
Form Dict: {}
2025-01-13 11:33:49,512 ERROR frappe Error while inserting deferred Error Log record: Error Log r6otco3v9c: 'Title' (Module import failed for FCRM Settings, the DocType you're trying to open might be deleted.
Error: No module named 'frappe.core.doctype.fcrm_settings') will get truncated, as max characters allowed is 140
Site: mysite
Form Dict: {}
2025-01-13 12:13:35,672 ERROR frappe New Exception collected in error log
Site: mysite
Form Dict: {'recipients': 'drfirst@gmail.com', 'attachments': [], 'cc': '', 'bcc': '', 'subject': 'Dr First (#CRM-LEAD-2025-00011)', 'content': '<p>Hi this is a email message for you to remember our offer</p>', 'doctype': 'CRM Lead', 'name': 'CRM-LEAD-2025-00011', 'send_email': 1, 'sender': 'admin@example.com', 'sender_full_name': 'Administrator', 'cmd': 'frappe.core.doctype.communication.email.make'}
2025-01-13 12:14:11,712 ERROR frappe New Exception collected in error log
Site: mysite
Form Dict: {'recipients': 'drfirst@gmail.com', 'attachments': [], 'cc': '', 'bcc': '', 'subject': 'Dr First (#CRM-LEAD-2025-00011)', 'content': '<p>Hi this is a email message for you to remember our offer</p>', 'doctype': 'CRM Lead', 'name': 'CRM-LEAD-2025-00011', 'send_email': 1, 'sender': 'admin@example.com', 'sender_full_name': 'Administrator', 'cmd': 'frappe.core.doctype.communication.email.make'}
2025-01-13 13:14:40,844 ERROR frappe New Exception collected in error log
Site: mysite
Form Dict: {}
2025-01-13 13:14:41,018 ERROR frappe New Exception collected in error log
Site: mysite
Form Dict: {}
2025-01-13 13:14:45,231 ERROR frappe New Exception collected in error log
Site: mysite
Form Dict: {}
2025-01-13 13:14:45,428 ERROR frappe New Exception collected in error log
Site: mysite
Form Dict: {}
2025-01-13 13:18:53,488 ERROR frappe New Exception collected in error log
Site: mysite
Form Dict: {}
2025-01-13 13:18:53,664 ERROR frappe New Exception collected in error log
Site: mysite
Form Dict: {}
2025-01-14 12:01:51,753 ERROR frappe New Exception collected in error log
Site: mysite
Form Dict: {}
2025-01-14 12:01:52,021 ERROR frappe New Exception collected in error log
Site: mysite
Form Dict: {}
2025-01-14 12:02:06,451 ERROR frappe New Exception collected in error log
Site: mysite
Form Dict: {}
2025-01-14 12:02:06,670 ERROR frappe New Exception collected in error log
Site: mysite
Form Dict: {}
2025-01-14 12:02:08,035 ERROR frappe New Exception collected in error log
Site: mysite
Form Dict: {}
2025-01-14 12:02:08,231 ERROR frappe New Exception collected in error log
Site: mysite
Form Dict: {}
2025-01-14 12:40:53,694 ERROR frappe New Exception collected in error log
Site: mysite
Form Dict: {}
2025-01-14 12:40:53,943 ERROR frappe New Exception collected in error log
Site: mysite
Form Dict: {}
2025-01-14 12:40:58,135 ERROR frappe New Exception collected in error log
Site: mysite
Form Dict: {}
2025-01-14 12:40:58,373 ERROR frappe New Exception collected in error log
Site: mysite
Form Dict: {}
2025-01-14 13:28:03,892 ERROR frappe New Exception collected in error log
Site: mysite
Form Dict: {'recipients': 'bablu@gmail.com', 'attachments': [], 'cc': '', 'bcc': '', 'subject': 'Dr bablu balad (#CRM-LEAD-2025-00002)', 'content': '<p>This message for Mr . Bablu is to confirm your quotation</p>', 'doctype': 'CRM Lead', 'name': 'CRM-LEAD-2025-00002', 'send_email': 1, 'sender': 'admin@example.com', 'sender_full_name': 'Administrator', 'cmd': 'frappe.core.doctype.communication.email.make'}
2025-01-14 13:28:35,884 ERROR frappe New Exception collected in error log
Site: mysite
Form Dict: {'recipients': 'bablu@gmail.com', 'attachments': [], 'cc': '', 'bcc': '', 'subject': 'Dr bablu balad (#CRM-LEAD-2025-00002)', 'content': '<p>This message for Mr . Bablu is to confirm your quotation</p>', 'doctype': 'CRM Lead', 'name': 'CRM-LEAD-2025-00002', 'send_email': 1, 'sender': 'admin@example.com', 'sender_full_name': 'Administrator', 'cmd': 'frappe.core.doctype.communication.email.make'}
